<?xml version="1.0" encoding="UTF-8"?>
<testsuite xmlns:xsi="http://www.w3.org/2001/XMLSchema-instance" xsi:schemaLocation="https://maven.apache.org/surefire/maven-surefire-plugin/xsd/surefire-test-report.xsd" name="com.company.modelTests.RecipeModelTest" time="0.158" tests="41" errors="0" skipped="0" failures="0">
  <properties>
    <property name="java.runtime.name" value="Java(TM) SE Runtime Environment"/>
    <property name="java.vm.version" value="11.0.13+10-LTS-370"/>
    <property name="sun.boot.library.path" value="C:\Program Files\Java\jdk-11.0.13\bin"/>
    <property name="maven.multiModuleProjectDirectory" value="C:\Users\Wiktoria\Documents\NetBeansProjects\CookBookWindowApp"/>
    <property name="java.vm.vendor" value="Oracle Corporation"/>
    <property name="java.vendor.url" value="https://openjdk.java.net/"/>
    <property name="guice.disable.misplaced.annotation.check" value="true"/>
    <property name="path.separator" value=";"/>
    <property name="java.vm.name" value="Java HotSpot(TM) 64-Bit Server VM"/>
    <property name="sun.os.patch.level" value=""/>
    <property name="user.script" value=""/>
    <property name="user.country" value="PL"/>
    <property name="sun.java.launcher" value="SUN_STANDARD"/>
    <property name="test" value="com.company.modelTests.RecipeModelTest"/>
    <property name="java.vm.specification.name" value="Java Virtual Machine Specification"/>
    <property name="user.dir" value="C:\Users\Wiktoria\Documents\NetBeansProjects\CookBookWindowApp"/>
    <property name="java.vm.compressedOopsMode" value="Zero based"/>
    <property name="java.runtime.version" value="11.0.13+10-LTS-370"/>
    <property name="java.awt.graphicsenv" value="sun.awt.Win32GraphicsEnvironment"/>
    <property name="os.arch" value="amd64"/>
    <property name="java.io.tmpdir" value="C:\Users\Wiktoria\AppData\Local\Temp\"/>
    <property name="line.separator" value="&#10;"/>
    <property name="java.vm.specification.vendor" value="Oracle Corporation"/>
    <property name="user.variant" value=""/>
    <property name="os.name" value="Windows 10"/>
    <property name="maven.ext.class.path" value="C:\Program Files\NetBeans-12.5\netbeans\java\maven-nblib\netbeans-eventspy.jar"/>
    <property name="classworlds.conf" value="C:\Program Files\NetBeans-12.5\netbeans\java\maven\bin\..\bin\m2.conf"/>
    <property name="sun.jnu.encoding" value="Cp1250"/>
    <property name="java.library.path" value="C:\Program Files\Java\jdk-11.0.13\bin;C:\Windows\Sun\Java\bin;C:\Windows\system32;C:\Windows;C:\ProgramData\Oracle\Java\javapath;C:\Program Files\Common Files\Oracle\Java\javapath;C:\Windows\system32;C:\Windows;C:\Windows\System32\Wbem;C:\Windows\System32\WindowsPowerShell\v1.0\;C:\Windows\System32\OpenSSH\;C:\Program Files\dotnet\;C:\Program Files\Microsoft SQL Server\130\Tools\Binn\;C:\Program Files\Microsoft SQL Server\Client SDK\ODBC\170\Tools\Binn\;C:\Program Files\NVIDIA Corporation\NVIDIA NvDLISR;C:\Program Files\Git\cmd\;C:\Program Files\Git\bin\;;C:\Program Files\Docker\Docker\resources\bin;C:\ProgramData\DockerDesktop\version-bin;C:\Program Files\Microsoft SQL Server\150\Tools\Binn\;C:\Program Files (x86)\Microsoft SQL Server\150\Tools\Binn\;C:\Program Files\Microsoft SQL Server\150\DTS\Binn\;C:\Program Files (x86)\Microsoft SQL Server\150\DTS\Binn\;C:\Program Files\Azure Data Studio\bin;C:\Program Files\nodejs\;C:\Users\Wiktoria\AppData\Local\Microsoft\WindowsApps;C:\Users\Wiktoria\AppData\Local\Programs\Microsoft VS Code\bin;C:\Users\Wiktoria\.dotnet\tools;C:\Program Files\Azure Data Studio\bin;C:\Users\Wiktoria\AppData\Roaming\npm;."/>
    <property name="maven.conf" value="C:\Program Files\NetBeans-12.5\netbeans\java\maven\bin\../conf"/>
    <property name="jdk.debug" value="release"/>
    <property name="java.class.version" value="55.0"/>
    <property name="java.specification.name" value="Java Platform API Specification"/>
    <property name="sun.management.compiler" value="HotSpot 64-Bit Tiered Compilers"/>
    <property name="os.version" value="10.0"/>
    <property name="library.jansi.path" value="C:\Program Files\NetBeans-12.5\netbeans\java\maven\bin\..\lib\jansi-native"/>
    <property name="user.home" value="C:\Users\Wiktoria"/>
    <property name="user.timezone" value="Europe/Belgrade"/>
    <property name="java.awt.printerjob" value="sun.awt.windows.WPrinterJob"/>
    <property name="file.encoding" value="UTF-8"/>
    <property name="java.specification.version" value="11"/>
    <property name="user.name" value="Wiktoria"/>
    <property name="java.class.path" value="C:\Program Files\NetBeans-12.5\netbeans\java\maven\bin\..\boot\plexus-classworlds-2.6.0.jar"/>
    <property name="java.vm.specification.version" value="11"/>
    <property name="sun.arch.data.model" value="64"/>
    <property name="sun.java.command" value="org.codehaus.plexus.classworlds.launcher.Launcher -Dtest=com.company.modelTests.RecipeModelTest -Dmaven.ext.class.path=C:\Program Files\NetBeans-12.5\netbeans\java\maven-nblib\netbeans-eventspy.jar -Dfile.encoding=UTF-8 surefire:test"/>
    <property name="java.home" value="C:\Program Files\Java\jdk-11.0.13"/>
    <property name="user.language" value="pl"/>
    <property name="java.specification.vendor" value="Oracle Corporation"/>
    <property name="awt.toolkit" value="sun.awt.windows.WToolkit"/>
    <property name="java.vm.info" value="mixed mode"/>
    <property name="java.version" value="11.0.13"/>
    <property name="java.vendor" value="Oracle Corporation"/>
    <property name="maven.home" value="C:\Program Files\NetBeans-12.5\netbeans\java\maven\bin\.."/>
    <property name="file.separator" value="\"/>
    <property name="java.version.date" value="2021-10-19"/>
    <property name="java.vendor.url.bug" value="https://bugreport.java.com/bugreport/"/>
    <property name="sun.io.unicode.encoding" value="UnicodeLittle"/>
    <property name="sun.cpu.endian" value="little"/>
    <property name="java.vendor.version" value="18.9"/>
    <property name="sun.desktop" value="windows"/>
    <property name="sun.cpu.isalist" value="amd64"/>
  </properties>
  <testcase name="validateCorrectCuisine{Cuisine}[1]" classname="com.company.modelTests.RecipeModelTest" time="0.048"/>
  <testcase name="validateCorrectCuisine{Cuisine}[2]" classname="com.company.modelTests.RecipeModelTest" time="0.001"/>
  <testcase name="validateCorrectCuisine{Cuisine}[3]" classname="com.company.modelTests.RecipeModelTest" time="0.001"/>
  <testcase name="validateCorrectCuisine{Cuisine}[4]" classname="com.company.modelTests.RecipeModelTest" time="0.001"/>
  <testcase name="validateCorrectCuisine{Cuisine}[5]" classname="com.company.modelTests.RecipeModelTest" time="0.001"/>
  <testcase name="validateCorrectCuisine{Cuisine}[6]" classname="com.company.modelTests.RecipeModelTest" time="0.001"/>
  <testcase name="validateCorrectCuisine{Cuisine}[7]" classname="com.company.modelTests.RecipeModelTest" time="0"/>
  <testcase name="validateCorrectCuisine{Cuisine}[8]" classname="com.company.modelTests.RecipeModelTest" time="0.001"/>
  <testcase name="validateCorrectCuisine{Cuisine}[9]" classname="com.company.modelTests.RecipeModelTest" time="0.001"/>
  <testcase name="validateCorrectCuisine{Cuisine}[10]" classname="com.company.modelTests.RecipeModelTest" time="0"/>
  <testcase name="validateCorrectCuisine{Cuisine}[11]" classname="com.company.modelTests.RecipeModelTest" time="0.001"/>
  <testcase name="validateCorrectCuisine{Cuisine}[12]" classname="com.company.modelTests.RecipeModelTest" time="0"/>
  <testcase name="validateCorrectCuisine{Cuisine}[13]" classname="com.company.modelTests.RecipeModelTest" time="0"/>
  <testcase name="validateIncorrectPreparationTime{String}[1]" classname="com.company.modelTests.RecipeModelTest" time="0.001"/>
  <testcase name="validateIncorrectPreparationTime{String}[2]" classname="com.company.modelTests.RecipeModelTest" time="0.001"/>
  <testcase name="validateIncorrectPreparationTime{String}[3]" classname="com.company.modelTests.RecipeModelTest" time="0.002"/>
  <testcase name="validateIncorrectPreparationTime{String}[4]" classname="com.company.modelTests.RecipeModelTest" time="0.001"/>
  <testcase name="validateIncorrectPreparationTime{String}[5]" classname="com.company.modelTests.RecipeModelTest" time="0"/>
  <testcase name="validateIncorrectPreparationTime{String}[6]" classname="com.company.modelTests.RecipeModelTest" time="0.001"/>
  <testcase name="validateIncorrectPreparationTime{String}[7]" classname="com.company.modelTests.RecipeModelTest" time="0.001"/>
  <testcase name="validateCorrectIngredients" classname="com.company.modelTests.RecipeModelTest" time="0.001"/>
  <testcase name="validateBlankIngredients" classname="com.company.modelTests.RecipeModelTest" time="0"/>
  <testcase name="validateCorrectPreparationTime{String}[1]" classname="com.company.modelTests.RecipeModelTest" time="0.001"/>
  <testcase name="validateCorrectPreparationTime{String}[2]" classname="com.company.modelTests.RecipeModelTest" time="0"/>
  <testcase name="validateCorrectPreparationTime{String}[3]" classname="com.company.modelTests.RecipeModelTest" time="0.001"/>
  <testcase name="validateCorrectPreparationTime{String}[4]" classname="com.company.modelTests.RecipeModelTest" time="0.001"/>
  <testcase name="validateBlankDish" classname="com.company.modelTests.RecipeModelTest" time="0.001"/>
  <testcase name="validateUpperAndLowerCaseAuthor{String}[1]" classname="com.company.modelTests.RecipeModelTest" time="0.015"/>
  <testcase name="validateUpperAndLowerCaseAuthor{String}[2]" classname="com.company.modelTests.RecipeModelTest" time="0.001"/>
  <testcase name="validateUpperAndLowerCaseAuthor{String}[3]" classname="com.company.modelTests.RecipeModelTest" time="0"/>
  <testcase name="validateUpperAndLowerCaseAuthor{String}[4]" classname="com.company.modelTests.RecipeModelTest" time="0.001"/>
  <testcase name="validateUpperAndLowerCaseAuthor{String}[5]" classname="com.company.modelTests.RecipeModelTest" time="0"/>
  <testcase name="validateNonExistingCuisine{String}[1]" classname="com.company.modelTests.RecipeModelTest" time="0.001"/>
  <testcase name="validateNonExistingCuisine{String}[2]" classname="com.company.modelTests.RecipeModelTest" time="0"/>
  <testcase name="validateNonExistingCuisine{String}[3]" classname="com.company.modelTests.RecipeModelTest" time="0"/>
  <testcase name="validateEmptyAuthor" classname="com.company.modelTests.RecipeModelTest" time="0.001"/>
  <testcase name="validateEmptyDish" classname="com.company.modelTests.RecipeModelTest" time="0.001"/>
  <testcase name="validateCorrectDish" classname="com.company.modelTests.RecipeModelTest" time="0"/>
  <testcase name="validateEmptyPreparationTime" classname="com.company.modelTests.RecipeModelTest" time="0.001"/>
  <testcase name="validateBlankAuthor" classname="com.company.modelTests.RecipeModelTest" time="0"/>
  <testcase name="createCorrectRecipeToCookBookTest" classname="com.company.modelTests.RecipeModelTest" time="0"/>
</testsuite>